<?xml version="1.0" encoding="UTF-8"?>
<testng-results total="1" passed="1" failed="0" skipped="0">
  <reporter-output>
  </reporter-output>
  <suite started-at="2022-08-28T12:05:09Z" name="Default suite" finished-at="2022-08-28T12:05:48Z" duration-ms="39285">
    <groups>
    </groups>
    <test started-at="2022-08-28T12:05:09Z" name="Default test" finished-at="2022-08-28T12:05:48Z" duration-ms="39285">
      <class name="StepDefinitions.AppTest">
        <test-method is-config="true" signature="beforeTest()[pri:0, instance:StepDefinitions.AppTest@45099dd3]" started-at="2022-08-28T17:35:09Z" name="beforeTest" finished-at="2022-08-28T17:35:10Z" duration-ms="1401" status="PASS">
          <reporter-output>
          </reporter-output>
        </test-method> <!-- beforeTest -->
        <test-method signature="CompareData()[pri:0, instance:StepDefinitions.AppTest@45099dd3]" started-at="2022-08-28T17:35:10Z" name="CompareData" finished-at="2022-08-28T17:35:48Z" duration-ms="37573" status="PASS">
          <reporter-output>
          </reporter-output>
        </test-method> <!-- CompareData -->
        <test-method is-config="true" signature="afterTest()[pri:0, instance:StepDefinitions.AppTest@45099dd3]" started-at="2022-08-28T17:35:48Z" name="afterTest" finished-at="2022-08-28T17:35:48Z" duration-ms="300" status="PASS">
          <reporter-output>
          </reporter-output>
        </test-method> <!-- afterTest -->
      </class> <!-- StepDefinitions.AppTest -->
    </test> <!-- Default test -->
  </suite> <!-- Default suite -->
</testng-results>
